<?xml version="1.0" encoding="UTF-8"?>
<testng-results ignored="0" total="1" passed="1" failed="0" skipped="0">
  <reporter-output>
  </reporter-output>
  <suite started-at="2023-11-28T11:24:03 IST" name="Default suite" finished-at="2023-11-28T11:24:12 IST" duration-ms="8742">
    <groups>
    </groups>
    <test started-at="2023-11-28T11:24:03 IST" name="Default test" finished-at="2023-11-28T11:24:12 IST" duration-ms="8742">
      <class name="com.mobileAndroide.LaunchApplication">
        <test-method is-config="true" signature="launchApp()[pri:0, instance:com.mobileAndroide.LaunchApplication@409bf450]" started-at="2023-11-28T11:23:48 IST" name="launchApp" finished-at="2023-11-28T11:24:03 IST" duration-ms="14971" status="PASS">
          <reporter-output>
          </reporter-output>
        </test-method> <!-- launchApp -->
        <test-method signature="start()[pri:0, instance:com.mobileAndroide.LaunchApplication@409bf450]" started-at="2023-11-28T11:24:03 IST" name="start" finished-at="2023-11-28T11:24:12 IST" duration-ms="8668" status="PASS">
          <reporter-output>
          </reporter-output>
        </test-method> <!-- start -->
        <test-method is-config="true" signature="stopServer()[pri:0, instance:com.mobileAndroide.LaunchApplication@409bf450]" started-at="2023-11-28T11:24:12 IST" name="stopServer" finished-at="2023-11-28T11:24:12 IST" duration-ms="48" status="FAIL">
          <exception class="org.openqa.selenium.UnsupportedCommandException">
            <message>
              <![CDATA[The requested resource could not be found, or a request was received using an HTTP method that is not supported by the mapped resource
Build info: version: '3.141.59', revision: 'e82be7d358', time: '2018-11-14T08:17:03'
System info: host: 'DESKTOP-CVMF46M', ip: '192.168.222.176', os.name: 'Windows 10', os.arch: 'amd64', os.version: '10.0', java.version: '20.0.2'
Driver info: io.appium.java_client.android.AndroidDriver
Capabilities {app: D:\My APK\app.apk, appPackage: com.trackninja, databaseEnabled: false, desired: {app: D:\My APK\app.apk, deviceName: vivo Y20G, platformName: android, udid: 9623264487000K6, version: 13}, deviceApiLevel: 33, deviceManufacturer: vivo, deviceModel: V2037, deviceName: 9623264487000K6, deviceScreenDensity: 300, deviceScreenSize: 720x1600, deviceUDID: 9623264487000K6, javascriptEnabled: true, locationContextEnabled: false, networkConnectionEnabled: true, pixelRatio: 1.875, platform: LINUX, platformName: Android, platformVersion: 13, statBarHeight: 60, takesScreenshot: true, udid: 9623264487000K6, version: 13, viewportRect: {height: 1415, left: 0, top: 60, width: 720}, warnings: {}, webStorageEnabled: false}
Session ID: 66e4ae08-8de4-4a1c-8f16-78e01367071c]]>
            </message>
            <full-stacktrace>
              <![CDATA[org.openqa.selenium.UnsupportedCommandException: The requested resource could not be found, or a request was received using an HTTP method that is not supported by the mapped resource
Build info: version: '3.141.59', revision: 'e82be7d358', time: '2018-11-14T08:17:03'
System info: host: 'DESKTOP-CVMF46M', ip: '192.168.222.176', os.name: 'Windows 10', os.arch: 'amd64', os.version: '10.0', java.version: '20.0.2'
Driver info: io.appium.java_client.android.AndroidDriver
Capabilities {app: D:\My APK\app.apk, appPackage: com.trackninja, databaseEnabled: false, desired: {app: D:\My APK\app.apk, deviceName: vivo Y20G, platformName: android, udid: 9623264487000K6, version: 13}, deviceApiLevel: 33, deviceManufacturer: vivo, deviceModel: V2037, deviceName: 9623264487000K6, deviceScreenDensity: 300, deviceScreenSize: 720x1600, deviceUDID: 9623264487000K6, javascriptEnabled: true, locationContextEnabled: false, networkConnectionEnabled: true, pixelRatio: 1.875, platform: LINUX, platformName: Android, platformVersion: 13, statBarHeight: 60, takesScreenshot: true, udid: 9623264487000K6, version: 13, viewportRect: {height: 1415, left: 0, top: 60, width: 720}, warnings: {}, webStorageEnabled: false}
Session ID: 66e4ae08-8de4-4a1c-8f16-78e01367071c
at java.base/jdk.internal.reflect.DirectConstructorHandleAccessor.newInstance(DirectConstructorHandleAccessor.java:67)
at java.base/java.lang.reflect.Constructor.newInstanceWithCaller(Constructor.java:500)
at java.base/java.lang.reflect.Constructor.newInstance(Constructor.java:484)
at org.openqa.selenium.remote.http.W3CHttpResponseCodec.createException(W3CHttpResponseCodec.java:187)
at org.openqa.selenium.remote.http.W3CHttpResponseCodec.decode(W3CHttpResponseCodec.java:122)
at org.openqa.selenium.remote.http.W3CHttpResponseCodec.decode(W3CHttpResponseCodec.java:49)
at org.openqa.selenium.remote.HttpCommandExecutor.execute(HttpCommandExecutor.java:158)
at io.appium.java_client.remote.AppiumCommandExecutor.execute(AppiumCommandExecutor.java:239)
at org.openqa.selenium.remote.RemoteWebDriver.execute(RemoteWebDriver.java:552)
at io.appium.java_client.DefaultGenericMobileDriver.execute(DefaultGenericMobileDriver.java:46)
at io.appium.java_client.AppiumDriver.execute(AppiumDriver.java:1)
at io.appium.java_client.android.AndroidDriver.execute(AndroidDriver.java:1)
at org.openqa.selenium.remote.RemoteWebDriver.close(RemoteWebDriver.java:442)
at com.mobileAndroide.LaunchApplication.stopServer(LaunchApplication.java:54)
at java.base/jdk.internal.reflect.DirectMethodHandleAccessor.invoke(DirectMethodHandleAccessor.java:104)
at java.base/java.lang.reflect.Method.invoke(Method.java:578)
at org.testng.internal.invokers.MethodInvocationHelper.invokeMethod(MethodInvocationHelper.java:139)
at org.testng.internal.invokers.MethodInvocationHelper.invokeMethodConsideringTimeout(MethodInvocationHelper.java:69)
at org.testng.internal.invokers.ConfigInvoker.invokeConfigurationMethod(ConfigInvoker.java:390)
at org.testng.internal.invokers.ConfigInvoker.invokeConfigurations(ConfigInvoker.java:325)
at org.testng.SuiteRunner.privateRun(SuiteRunner.java:410)
at org.testng.SuiteRunner.run(SuiteRunner.java:336)
at org.testng.SuiteRunnerWorker.runSuite(SuiteRunnerWorker.java:52)
at org.testng.SuiteRunnerWorker.run(SuiteRunnerWorker.java:95)
at org.testng.TestNG.runSuitesSequentially(TestNG.java:1280)
at org.testng.TestNG.runSuitesLocally(TestNG.java:1200)
at org.testng.TestNG.runSuites(TestNG.java:1114)
at org.testng.TestNG.run(TestNG.java:1082)
at org.testng.remote.AbstractRemoteTestNG.run(AbstractRemoteTestNG.java:115)
at org.testng.remote.RemoteTestNG.initAndRun(RemoteTestNG.java:251)
at org.testng.remote.RemoteTestNG.main(RemoteTestNG.java:77)
]]>
            </full-stacktrace>
          </exception> <!-- org.openqa.selenium.UnsupportedCommandException -->
          <reporter-output>
          </reporter-output>
        </test-method> <!-- stopServer -->
      </class> <!-- com.mobileAndroide.LaunchApplication -->
    </test> <!-- Default test -->
  </suite> <!-- Default suite -->
</testng-results>
